This is XeTeX, Version 3.141592653-2.6-0.999997 (TeX Live 2026/dev/Arch Linux) (preloaded format=xelatex 2026.1.14)  2 FEB 2026 08:48
entering extended mode
 restricted \write18 enabled.
 %&-line parsing enabled.
**Thesis.tex
(./Thesis.tex
LaTeX2e <2024-11-01> patch level 2
L3 programming layer <2025-01-18>
(./itb-thesis.cls
Document Class: itb-thesis 
(/usr/share/texmf-dist/tex/latex/base/report.cls
Document Class: report 2024/06/29 v1.4n Standard LaTeX document class
(/usr/share/texmf-dist/tex/latex/base/size12.clo
File: size12.clo 2024/06/29 v1.4n Standard LaTeX file (size option)
)
\c@part=\count192
\c@chapter=\count193
\c@section=\count194
\c@subsection=\count195
\c@subsubsection=\count196
\c@paragraph=\count197
\c@subparagraph=\count198
\c@figure=\count199
\c@table=\count266
\abovecaptionskip=\skip49
\belowcaptionskip=\skip50
\bibindent=\dimen141
)
(/usr/share/texmf-dist/tex/latex/setspace/setspace.sty
Package: setspace 2022/12/04 v6.7b set line spacing
)
(/usr/share/texmf-dist/tex/latex/graphics/graphicx.sty
Package: graphicx 2021/09/16 v1.2d Enhanced LaTeX Graphics (DPC,SPQR)

(/usr/share/texmf-dist/tex/latex/graphics/keyval.sty
Package: keyval 2022/05/29 v1.15 key=value parser (DPC)
\KV@toks@=\toks17
)
(/usr/share/texmf-dist/tex/latex/graphics/graphics.sty
Package: graphics 2024/08/06 v1.4g Standard LaTeX Graphics (DPC,SPQR)

(/usr/share/texmf-dist/tex/latex/graphics/trig.sty
Package: trig 2023/12/02 v1.11 sin cos tan (DPC)
)
(/usr/share/texmf-dist/tex/latex/graphics-cfg/graphics.cfg
File: graphics.cfg 2016/06/04 v1.11 sample graphics configuration
)
Package graphics Info: Driver file: xetex.def on input line 106.

(/usr/share/texmf-dist/tex/latex/graphics-def/xetex.def
File: xetex.def 2022/09/22 v5.0n Graphics/color driver for xetex
))
\Gin@req@height=\dimen142
\Gin@req@width=\dimen143
)
(/usr/share/texmf-dist/tex/latex/base/latexsym.sty
Package: latexsym 1998/08/17 v2.2e Standard LaTeX package (lasy symbols)
\symlasy=\mathgroup4
LaTeX Font Info:    Overwriting symbol font `lasy' in version `bold'
(Font)                  U/lasy/m/n --> U/lasy/b/n on input line 52.
)
(/usr/share/texmf-dist/tex/latex/tools/layout.sty
Package: layout 2023-08-20 v1.2e Show layout parameters
\oneinch=\count267
\cnt@paperwidth=\count268
\cnt@paperheight=\count269
\cnt@hoffset=\count270
\cnt@voffset=\count271
\cnt@textheight=\count272
\cnt@textwidth=\count273
\cnt@topmargin=\count274
\cnt@oddsidemargin=\count275
\cnt@evensidemargin=\count276
\cnt@headheight=\count277
\cnt@headsep=\count278
\cnt@marginparsep=\count279
\cnt@marginparwidth=\count280
\cnt@marginparpush=\count281
\cnt@footskip=\count282
\fheight=\count283
\ref@top=\count284
\ref@hoffset=\count285
\ref@voffset=\count286
\ref@head=\count287
\ref@body=\count288
\ref@foot=\count289
\ref@margin=\count290
\ref@marginwidth=\count291
\ref@marginpar=\count292
\Interval=\count293
\ExtraYPos=\count294
\PositionX=\count295
\PositionY=\count296
\ArrowLength=\count297
)
(/usr/share/texmf-dist/tex/latex/geometry/geometry.sty
Package: geometry 2020/01/02 v5.9 Page Geometry

(/usr/share/texmf-dist/tex/generic/iftex/ifvtex.sty
Package: ifvtex 2019/10/25 v1.7 ifvtex legacy package. Use iftex instead.

(/usr/share/texmf-dist/tex/generic/iftex/iftex.sty
Package: iftex 2024/12/12 v1.0g TeX engine tests
))
\Gm@cnth=\count298
\Gm@cntv=\count299
\c@Gm@tempcnt=\count300
\Gm@bindingoffset=\dimen144
\Gm@wd@mp=\dimen145
\Gm@odd@mp=\dimen146
\Gm@even@mp=\dimen147
\Gm@layoutwidth=\dimen148
\Gm@layoutheight=\dimen149
\Gm@layouthoffset=\dimen150
\Gm@layoutvoffset=\dimen151
\Gm@dimlist=\toks18
)
(/usr/share/texmf-dist/tex/latex/fontspec/fontspec.sty
(/usr/share/texmf-dist/tex/latex/l3packages/xparse/xparse.sty
(/usr/share/texmf-dist/tex/latex/l3kernel/expl3.sty
Package: expl3 2025-01-18 L3 programming layer (loader) 

(/usr/share/texmf-dist/tex/latex/l3backend/l3backend-xetex.def
File: l3backend-xetex.def 2024-05-08 L3 backend support: XeTeX
\g__graphics_track_int=\count301
\l__pdf_internal_box=\box52
\g__pdf_backend_annotation_int=\count302
\g__pdf_backend_link_int=\count303
))
Package: xparse 2024-08-16 L3 Experimental document command parser
)
Package: fontspec 2024/05/11 v2.9e Font selection for XeLaTeX and LuaLaTeX

(/usr/share/texmf-dist/tex/latex/fontspec/fontspec-xetex.sty
Package: fontspec-xetex 2024/05/11 v2.9e Font selection for XeLaTeX and LuaLaTe
X
\l__fontspec_script_int=\count304
\l__fontspec_language_int=\count305
\l__fontspec_strnum_int=\count306
\l__fontspec_tmp_int=\count307
\l__fontspec_tmpa_int=\count308
\l__fontspec_tmpb_int=\count309
\l__fontspec_tmpc_int=\count310
\l__fontspec_em_int=\count311
\l__fontspec_emdef_int=\count312
\l__fontspec_strong_int=\count313
\l__fontspec_strongdef_int=\count314
\l__fontspec_tmpa_dim=\dimen152
\l__fontspec_tmpb_dim=\dimen153
\l__fontspec_tmpc_dim=\dimen154

(/usr/share/texmf-dist/tex/latex/base/fontenc.sty
Package: fontenc 2021/04/29 v2.0v Standard LaTeX package
)
(/usr/share/texmf-dist/tex/latex/fontspec/fontspec.cfg)))

Package fontspec Info: 
(fontspec)             Font family 'TimesNewRoman(0)' created for font 'Times
(fontspec)             New Roman' with options [Ligatures=TeX].
(fontspec)              
(fontspec)              This font family consists of the following NFSS
(fontspec)             series/shapes:
(fontspec)              
(fontspec)             - 'normal' (m/n) with NFSS spec.: <->"Times New
(fontspec)             Roman/OT:script=latn;language=dflt;mapping=tex-text;"
(fontspec)             - 'small caps'  (m/sc) with NFSS spec.: <->"Times New
(fontspec)             Roman/OT:script=latn;language=dflt;+smcp;mapping=tex-tex
t;"
(fontspec)             - 'bold' (b/n) with NFSS spec.: <->"Times New
(fontspec)             Roman/B/OT:script=latn;language=dflt;mapping=tex-text;"
(fontspec)             - 'bold small caps'  (b/sc) with NFSS spec.: <->"Times
(fontspec)             New
(fontspec)             Roman/B/OT:script=latn;language=dflt;+smcp;mapping=tex-t
ext;"
(fontspec)             - 'italic' (m/it) with NFSS spec.: <->"Times New
(fontspec)             Roman/I/OT:script=latn;language=dflt;mapping=tex-text;"
(fontspec)             - 'italic small caps'  (m/scit) with NFSS spec.:
(fontspec)             <->"Times New
(fontspec)             Roman/I/OT:script=latn;language=dflt;+smcp;mapping=tex-t
ext;"
(fontspec)             - 'bold italic' (b/it) with NFSS spec.: <->"Times New
(fontspec)             Roman/BI/OT:script=latn;language=dflt;mapping=tex-text;"

(fontspec)             - 'bold italic small caps'  (b/scit) with NFSS spec.:
(fontspec)             <->"Times New
(fontspec)             Roman/BI/OT:script=latn;language=dflt;+smcp;mapping=tex-
text;"


(/usr/share/texmf-dist/tex/latex/tocloft/tocloft.sty
Package: tocloft 2017/08/31 v2.3i parameterised ToC, etc., typesetting
Package tocloft Info: The document has chapter divisions on input line 51.
\cftparskip=\skip51
\cftbeforetoctitleskip=\skip52
\cftaftertoctitleskip=\skip53
\cftbeforepartskip=\skip54
\cftpartnumwidth=\skip55
\cftpartindent=\skip56
\cftbeforechapskip=\skip57
\cftchapindent=\skip58
\cftchapnumwidth=\skip59
\cftbeforesecskip=\skip60
\cftsecindent=\skip61
\cftsecnumwidth=\skip62
\cftbeforesubsecskip=\skip63
\cftsubsecindent=\skip64
\cftsubsecnumwidth=\skip65
\cftbeforesubsubsecskip=\skip66
\cftsubsubsecindent=\skip67
\cftsubsubsecnumwidth=\skip68
\cftbeforeparaskip=\skip69
\cftparaindent=\skip70
\cftparanumwidth=\skip71
\cftbeforesubparaskip=\skip72
\cftsubparaindent=\skip73
\cftsubparanumwidth=\skip74
\cftbeforeloftitleskip=\skip75
\cftafterloftitleskip=\skip76
\cftbeforefigskip=\skip77
\cftfigindent=\skip78
\cftfignumwidth=\skip79
\c@lofdepth=\count315
\c@lotdepth=\count316
\cftbeforelottitleskip=\skip80
\cftafterlottitleskip=\skip81
\cftbeforetabskip=\skip82
\cfttabindent=\skip83
\cfttabnumwidth=\skip84
)
(/usr/share/texmf-dist/tex/latex/amsmath/amsmath.sty
Package: amsmath 2024/11/05 v2.17t AMS math features
\@mathmargin=\skip85

For additional information on amsmath, use the `?' option.
(/usr/share/texmf-dist/tex/latex/amsmath/amstext.sty
Package: amstext 2021/08/26 v2.01 AMS text

(/usr/share/texmf-dist/tex/latex/amsmath/amsgen.sty
File: amsgen.sty 1999/11/30 v2.0 generic functions
\@emptytoks=\toks19
\ex@=\dimen155
))
(/usr/share/texmf-dist/tex/latex/amsmath/amsbsy.sty
Package: amsbsy 1999/11/29 v1.2d Bold Symbols
\pmbraise@=\dimen156
)
(/usr/share/texmf-dist/tex/latex/amsmath/amsopn.sty
Package: amsopn 2022/04/08 v2.04 operator names
)
\inf@bad=\count317
LaTeX Info: Redefining \frac on input line 233.
\uproot@=\count318
\leftroot@=\count319
LaTeX Info: Redefining \overline on input line 398.
LaTeX Info: Redefining \colon on input line 409.
\classnum@=\count320
\DOTSCASE@=\count321
LaTeX Info: Redefining \ldots on input line 495.
LaTeX Info: Redefining \dots on input line 498.
LaTeX Info: Redefining \cdots on input line 619.
\Mathstrutbox@=\box53
\strutbox@=\box54
LaTeX Info: Redefining \big on input line 721.
LaTeX Info: Redefining \Big on input line 722.
LaTeX Info: Redefining \bigg on input line 723.
LaTeX Info: Redefining \Bigg on input line 724.
\big@size=\dimen157
LaTeX Font Info:    Redeclaring font encoding OML on input line 742.
LaTeX Font Info:    Redeclaring font encoding OMS on input line 743.
\macc@depth=\count322
LaTeX Info: Redefining \bmod on input line 904.
LaTeX Info: Redefining \pmod on input line 909.
LaTeX Info: Redefining \smash on input line 939.
LaTeX Info: Redefining \relbar on input line 969.
LaTeX Info: Redefining \Relbar on input line 970.
\c@MaxMatrixCols=\count323
\dotsspace@=\muskip17
\c@parentequation=\count324
\dspbrk@lvl=\count325
\tag@help=\toks20
\row@=\count326
\column@=\count327
\maxfields@=\count328
\andhelp@=\toks21
\eqnshift@=\dimen158
\alignsep@=\dimen159
\tagshift@=\dimen160
\tagwidth@=\dimen161
\totwidth@=\dimen162
\lineht@=\dimen163
\@envbody=\toks22
\multlinegap=\skip86
\multlinetaggap=\skip87
\mathdisplay@stack=\toks23
LaTeX Info: Redefining \[ on input line 2953.
LaTeX Info: Redefining \] on input line 2954.
)
(/usr/share/texmf-dist/tex/latex/amsfonts/amssymb.sty
Package: amssymb 2013/01/14 v3.01 AMS font symbols

(/usr/share/texmf-dist/tex/latex/amsfonts/amsfonts.sty
Package: amsfonts 2013/01/14 v3.01 Basic AMSFonts support
\symAMSa=\mathgroup5
\symAMSb=\mathgroup6
LaTeX Font Info:    Redeclaring math symbol \hbar on input line 98.
LaTeX Font Info:    Overwriting math alphabet `\mathfrak' in version `bold'
(Font)                  U/euf/m/n --> U/euf/b/n on input line 106.
))
(/usr/share/texmf-dist/tex/latex/anyfontsize/anyfontsize.sty
Invalid UTF-8 byte or sequence at line 3 replaced by U+FFFD.
Invalid UTF-8 byte or sequence at line 3 replaced by U+FFFD.
Package: anyfontsize 2007/11/22 anyfontsize.sty by pts
)
(/usr/share/texmf-dist/tex/latex/microtype/microtype.sty
Package: microtype 2025/02/11 v3.2a Micro-typographical refinements (RS)

(/usr/share/texmf-dist/tex/latex/etoolbox/etoolbox.sty
Package: etoolbox 2025/02/11 v2.5l e-TeX tools for LaTeX (JAW)
\etb@tempcnta=\count329
)
\MT@toks=\toks24
\MT@tempbox=\box55
\MT@count=\count330
LaTeX Info: Redefining \noprotrusionifhmode on input line 1087.
LaTeX Info: Redefining \leftprotrusion on input line 1088.
\MT@prot@toks=\toks25
LaTeX Info: Redefining \rightprotrusion on input line 1107.
LaTeX Info: Redefining \textls on input line 1449.
\MT@outer@kern=\dimen164
LaTeX Info: Redefining \microtypecontext on input line 2053.
LaTeX Info: Redefining \textmicrotypecontext on input line 2070.
\MT@listname@count=\count331

(/usr/share/texmf-dist/tex/latex/microtype/microtype-xetex.def
File: microtype-xetex.def 2025/02/11 v3.2a Definitions specific to xetex (RS)
LaTeX Info: Redefining \lsstyle on input line 443.
LaTeX Info: Redefining \lslig on input line 451.
\MT@outer@space=\skip88
)
Package microtype Info: Loading configuration file microtype.cfg.

(/usr/share/texmf-dist/tex/latex/microtype/microtype.cfg
File: microtype.cfg 2025/02/11 v3.2a microtype main configuration file (RS)
)
LaTeX Info: Redefining \microtypesetup on input line 3065.
)
(/usr/share/texmf-dist/tex/latex/hanging/hanging.sty
Package: hanging 2009/09/02 v1.2b hanging paragraphs and punctuation
\h@ngcommawd=\skip89
\h@ngfstopwd=\skip90
\h@ngquotewd=\skip91
\h@ngdquotewd=\skip92
\h@ngquerywd=\skip93
\h@ngexclwd=\skip94
\h@ngcolonwd=\skip95
\h@ngscolonwd=\skip96
)
(/usr/share/texmf-dist/tex/latex/tools/array.sty
Package: array 2024/10/17 v2.6g Tabular extension package (FMi)
\col@sep=\dimen165
\ar@mcellbox=\box56
\extrarowheight=\dimen166
\NC@list=\toks26
\extratabsurround=\skip97
\backup@length=\skip98
\ar@cellbox=\box57
)
(/usr/share/texmf-dist/tex/latex/tools/longtable.sty
Package: longtable 2024-10-27 v4.22 Multi-page Table package (DPC)
\LTleft=\skip99
\LTright=\skip100
\LTpre=\skip101
\LTpost=\skip102
\LTchunksize=\count332
\LTcapwidth=\dimen167
\LT@head=\box58
\LT@firsthead=\box59
\LT@foot=\box60
\LT@lastfoot=\box61
\LT@gbox=\box62
\LT@cols=\count333
\LT@rows=\count334
\c@LT@tables=\count335
\c@LT@chunks=\count336
\LT@p@ftn=\toks27
)
(/usr/share/texmf-dist/tex/latex/enumitem/enumitem.sty
Package: enumitem 2025/02/06 v3.11 Customized lists
\labelindent=\skip103
\enit@outerparindent=\dimen168
\enit@toks=\toks28
\enit@inbox=\box63
\enit@count@id=\count337
\enitdp@description=\count338
)
(/usr/share/texmf-dist/tex/latex/parskip/parskip.sty
Package: parskip 2021-03-14 v2.0h non-zero parskip adjustments

(/usr/share/texmf-dist/tex/latex/kvoptions/kvoptions.sty
Package: kvoptions 2022-06-15 v3.15 Key value format for package options (HO)

(/usr/share/texmf-dist/tex/generic/ltxcmds/ltxcmds.sty
Package: ltxcmds 2023-12-04 v1.26 LaTeX kernel commands for general use (HO)
)
(/usr/share/texmf-dist/tex/latex/kvsetkeys/kvsetkeys.sty
Package: kvsetkeys 2022-10-05 v1.19 Key value parser (HO)
)))
(/usr/share/texmf-dist/tex/latex/titlesec/titlesec.sty
Package: titlesec 2025/01/04 v2.17 Sectioning titles
\ttl@box=\box64
\beforetitleunit=\skip104
\aftertitleunit=\skip105
\ttl@plus=\dimen169
\ttl@minus=\dimen170
\ttl@toksa=\toks29
\titlewidth=\dimen171
\titlewidthlast=\dimen172
\titlewidthfirst=\dimen173
)
(/usr/share/texmf-dist/tex/latex/caption/caption.sty
Package: caption 2023/08/05 v3.6o Customizing captions (AR)

(/usr/share/texmf-dist/tex/latex/caption/caption3.sty
Package: caption3 2023/07/31 v2.4d caption3 kernel (AR)
\caption@tempdima=\dimen174
\captionmargin=\dimen175
\caption@leftmargin=\dimen176
\caption@rightmargin=\dimen177
\caption@width=\dimen178
\caption@indent=\dimen179
\caption@parindent=\dimen180
\caption@hangindent=\dimen181
Package caption Info: Standard document class detected.
)
\c@caption@flags=\count339
\c@continuedfloat=\count340
Package caption Info: longtable package is loaded.

(/usr/share/texmf-dist/tex/latex/caption/ltcaption.sty
Package: ltcaption 2021/01/08 v1.4c longtable captions (AR)
))
(/usr/share/texmf-dist/tex/latex/float/float.sty
Package: float 2001/11/08 v1.3d Float enhancements (AL)
\c@float@type=\count341
\float@exts=\toks30
\float@box=\box65
\@float@everytoks=\toks31
\@floatcapt=\box66
)
(/usr/share/texmf-dist/tex/latex/hyphenat/hyphenat.sty
Package: hyphenat 2009/09/02 v2.3c hyphenation utilities
\langwohyphens=\language31
LaTeX Info: Redefining \_ on input line 43.
)
(/usr/share/texmf-dist/tex/latex/tools/calc.sty
Package: calc 2023/07/08 v4.3 Infix arithmetic (KKT,FJ)
\calc@Acount=\count342
\calc@Bcount=\count343
\calc@Adimen=\dimen182
\calc@Bdimen=\dimen183
\calc@Askip=\skip106
\calc@Bskip=\skip107
LaTeX Info: Redefining \setlength on input line 80.
LaTeX Info: Redefining \addtolength on input line 81.
\calc@Ccount=\count344
\calc@Cskip=\skip108
)) (./Thesis.aux
(./chapters/bab1.aux) (./chapters/bab2.aux) (./chapters/bab3.aux)
(./chapters/pustaka.aux))
\openout1 = `Thesis.aux'.

LaTeX Font Info:    Checking defaults for OML/cmm/m/it on input line 37.
LaTeX Font Info:    ... okay on input line 37.
LaTeX Font Info:    Checking defaults for OMS/cmsy/m/n on input line 37.
LaTeX Font Info:    ... okay on input line 37.
LaTeX Font Info:    Checking defaults for OT1/cmr/m/n on input line 37.
LaTeX Font Info:    ... okay on input line 37.
LaTeX Font Info:    Checking defaults for T1/cmr/m/n on input line 37.
LaTeX Font Info:    ... okay on input line 37.
LaTeX Font Info:    Checking defaults for TS1/cmr/m/n on input line 37.
LaTeX Font Info:    ... okay on input line 37.
LaTeX Font Info:    Checking defaults for TU/lmr/m/n on input line 37.
LaTeX Font Info:    ... okay on input line 37.
LaTeX Font Info:    Checking defaults for OMX/cmex/m/n on input line 37.
LaTeX Font Info:    ... okay on input line 37.
LaTeX Font Info:    Checking defaults for U/cmr/m/n on input line 37.
LaTeX Font Info:    ... okay on input line 37.

*geometry* driver: auto-detecting
*geometry* detected driver: xetex
*geometry* verbose mode - [ preamble ] result:
* driver: xetex
* paper: <default>
* layout: <same size as paper>
* layoutoffset:(h,v)=(0.0pt,0.0pt)
* modes: 
* h-part:(L,W,R)=(113.81102pt, 398.3386pt, 85.35826pt)
* v-part:(T,H,B)=(85.35826pt, 674.33032pt, 85.35826pt)
* \paperwidth=597.50787pt
* \paperheight=845.04684pt
* \textwidth=398.3386pt
* \textheight=674.33032pt
* \oddsidemargin=41.54103pt
* \evensidemargin=41.54103pt
* \topmargin=-23.91173pt
* \headheight=12.0pt
* \headsep=25.0pt
* \topskip=12.0pt
* \footskip=42.67912pt
* \marginparwidth=0.0pt
* \marginparsep=10.0pt
* \columnsep=10.0pt
* \skip\footins=10.8pt plus 4.0pt minus 2.0pt
* \hoffset=0.0pt
* \voffset=0.0pt
* \mag=1000
* \@twocolumnfalse
* \@twosidefalse
* \@mparswitchfalse
* \@reversemarginfalse
* (1in=72.27pt=25.4mm, 1cm=28.453pt)


Package fontspec Info: 
(fontspec)             Adjusting the maths setup (use [no-math] to avoid
(fontspec)             this).

\symlegacymaths=\mathgroup7
LaTeX Font Info:    Overwriting symbol font `legacymaths' in version `bold'
(Font)                  OT1/cmr/m/n --> OT1/cmr/bx/n on input line 37.
LaTeX Font Info:    Redeclaring math accent \acute on input line 37.
LaTeX Font Info:    Redeclaring math accent \grave on input line 37.
LaTeX Font Info:    Redeclaring math accent \ddot on input line 37.
LaTeX Font Info:    Redeclaring math accent \tilde on input line 37.
LaTeX Font Info:    Redeclaring math accent \bar on input line 37.
LaTeX Font Info:    Redeclaring math accent \breve on input line 37.
LaTeX Font Info:    Redeclaring math accent \check on input line 37.
LaTeX Font Info:    Redeclaring math accent \hat on input line 37.
LaTeX Font Info:    Redeclaring math accent \dot on input line 37.
LaTeX Font Info:    Redeclaring math accent \mathring on input line 37.
LaTeX Font Info:    Redeclaring math symbol \Gamma on input line 37.
LaTeX Font Info:    Redeclaring math symbol \Delta on input line 37.
LaTeX Font Info:    Redeclaring math symbol \Theta on input line 37.
LaTeX Font Info:    Redeclaring math symbol \Lambda on input line 37.
LaTeX Font Info:    Redeclaring math symbol \Xi on input line 37.
LaTeX Font Info:    Redeclaring math symbol \Pi on input line 37.
LaTeX Font Info:    Redeclaring math symbol \Sigma on input line 37.
LaTeX Font Info:    Redeclaring math symbol \Upsilon on input line 37.
LaTeX Font Info:    Redeclaring math symbol \Phi on input line 37.
LaTeX Font Info:    Redeclaring math symbol \Psi on input line 37.
LaTeX Font Info:    Redeclaring math symbol \Omega on input line 37.
LaTeX Font Info:    Redeclaring math symbol \mathdollar on input line 37.
LaTeX Font Info:    Redeclaring symbol font `operators' on input line 37.
LaTeX Font Info:    Encoding `OT1' has changed to `TU' for symbol font
(Font)              `operators' in the math version `normal' on input line 37.
LaTeX Font Info:    Overwriting symbol font `operators' in version `normal'
(Font)                  OT1/cmr/m/n --> TU/TimesNewRoman(0)/m/n on input line 3
7.
LaTeX Font Info:    Encoding `OT1' has changed to `TU' for symbol font
(Font)              `operators' in the math version `bold' on input line 37.
LaTeX Font Info:    Overwriting symbol font `operators' in version `bold'
(Font)                  OT1/cmr/bx/n --> TU/TimesNewRoman(0)/m/n on input line 
37.
LaTeX Font Info:    Overwriting symbol font `operators' in version `normal'
(Font)                  TU/TimesNewRoman(0)/m/n --> TU/TimesNewRoman(0)/m/n on 
input line 37.
LaTeX Font Info:    Overwriting math alphabet `\mathit' in version `normal'
(Font)                  OT1/cmr/m/it --> TU/TimesNewRoman(0)/m/it on input line
 37.
LaTeX Font Info:    Overwriting math alphabet `\mathbf' in version `normal'
(Font)                  OT1/cmr/bx/n --> TU/TimesNewRoman(0)/b/n on input line 
37.
LaTeX Font Info:    Overwriting math alphabet `\mathsf' in version `normal'
(Font)                  OT1/cmss/m/n --> TU/lmss/m/n on input line 37.
LaTeX Font Info:    Overwriting math alphabet `\mathtt' in version `normal'
(Font)                  OT1/cmtt/m/n --> TU/lmtt/m/n on input line 37.
LaTeX Font Info:    Overwriting symbol font `operators' in version `bold'
(Font)                  TU/TimesNewRoman(0)/m/n --> TU/TimesNewRoman(0)/b/n on 
input line 37.
LaTeX Font Info:    Overwriting math alphabet `\mathit' in version `bold'
(Font)                  OT1/cmr/bx/it --> TU/TimesNewRoman(0)/b/it on input lin
e 37.
LaTeX Font Info:    Overwriting math alphabet `\mathsf' in version `bold'
(Font)                  OT1/cmss/bx/n --> TU/lmss/b/n on input line 37.
LaTeX Font Info:    Overwriting math alphabet `\mathtt' in version `bold'
(Font)                  OT1/cmtt/m/n --> TU/lmtt/b/n on input line 37.
LaTeX Info: Redefining \microtypecontext on input line 37.
Package microtype Info: Applying patch `item' on input line 37.
Package microtype Info: Applying patch `toc' on input line 37.
Package microtype Info: Applying patch `eqnum' on input line 37.
Package microtype Info: Applying patch `footnote' on input line 37.
Package microtype Info: Applying patch `verbatim' on input line 37.
LaTeX Info: Redefining \microtypesetup on input line 37.
Package microtype Info: Character protrusion enabled (level 2).
Package microtype Info: Using default protrusion set `alltext'.
Package microtype Info: No adjustment of tracking.
Package microtype Info: No adjustment of spacing.
Package microtype Info: No adjustment of kerning.
Package microtype Info: Loading generic protrusion settings for font family
(microtype)             `TimesNewRoman' (encoding: TU).
(microtype)             For optimal results, create family-specific settings.
(microtype)             See the microtype manual for details.
Package caption Info: Begin \AtBeginDocument code.
Package caption Info: float package is loaded.
Package caption Info: End \AtBeginDocument code.
File: images/logo-itb.png Graphic file (type bmp)
<images/logo-itb.png>
LaTeX Font Info:    Trying to load font information for U+lasy on input line 43
.
(/usr/share/texmf-dist/tex/latex/base/ulasy.fd
File: ulasy.fd 1998/08/17 v2.2e LaTeX symbol font definitions
)
LaTeX Font Info:    Trying to load font information for U+msa on input line 43.


(/usr/share/texmf-dist/tex/latex/amsfonts/umsa.fd
File: umsa.fd 2013/01/14 v3.01 AMS symbols A
)
(/usr/share/texmf-dist/tex/latex/microtype/mt-msa.cfg
File: mt-msa.cfg 2006/02/04 v1.1 microtype config. file: AMS symbols (a) (RS)
)
LaTeX Font Info:    Trying to load font information for U+msb on input line 43.


(/usr/share/texmf-dist/tex/latex/amsfonts/umsb.fd
File: umsb.fd 2013/01/14 v3.01 AMS symbols B
)
(/usr/share/texmf-dist/tex/latex/microtype/mt-msb.cfg
File: mt-msb.cfg 2005/06/01 v1.0 microtype config. file: AMS symbols (b) (RS)
)
(/usr/share/texmf-dist/tex/latex/microtype/mt-cmr.cfg
File: mt-cmr.cfg 2013/05/19 v2.2 microtype config. file: Computer Modern Roman 
(RS)
)

[0

]

[1

]

[2

]

Package microtype Warning: OML/cmm/m/it/12 is a legacy font.
(microtype)                Cannot letterspace it on input line 73.


Package microtype Warning: OML/cmm/m/it/8 is a legacy font.
(microtype)                Cannot letterspace it on input line 73.


Package microtype Warning: OML/cmm/m/it/6 is a legacy font.
(microtype)                Cannot letterspace it on input line 73.


Package microtype Warning: OMS/cmsy/m/n/12 is a legacy font.
(microtype)                Cannot letterspace it on input line 73.


Package microtype Warning: OMS/cmsy/m/n/8 is a legacy font.
(microtype)                Cannot letterspace it on input line 73.


Package microtype Warning: OMS/cmsy/m/n/6 is a legacy font.
(microtype)                Cannot letterspace it on input line 73.


Package microtype Warning: OMX/cmex/m/n/12 is a legacy font.
(microtype)                Cannot letterspace it on input line 73.


Package microtype Warning: OMX/cmex/m/n/8 is a legacy font.
(microtype)                Cannot letterspace it on input line 73.


Package microtype Warning: OMX/cmex/m/n/6 is a legacy font.
(microtype)                Cannot letterspace it on input line 73.


Package microtype Warning: U/lasy/m/n/12 is a legacy font.
(microtype)                Cannot letterspace it on input line 73.


Package microtype Warning: U/lasy/m/n/8 is a legacy font.
(microtype)                Cannot letterspace it on input line 73.


Package microtype Warning: U/lasy/m/n/6 is a legacy font.
(microtype)                Cannot letterspace it on input line 73.


Package microtype Warning: U/msa/m/n/12 is a legacy font.
(microtype)                Cannot letterspace it on input line 73.


Package microtype Warning: U/msa/m/n/8 is a legacy font.
(microtype)                Cannot letterspace it on input line 73.


Package microtype Warning: U/msa/m/n/6 is a legacy font.
(microtype)                Cannot letterspace it on input line 73.


Package microtype Warning: U/msb/m/n/12 is a legacy font.
(microtype)                Cannot letterspace it on input line 73.


Package microtype Warning: U/msb/m/n/8 is a legacy font.
(microtype)                Cannot letterspace it on input line 73.


Package microtype Warning: U/msb/m/n/6 is a legacy font.
(microtype)                Cannot letterspace it on input line 73.


Package microtype Warning: OT1/cmr/m/n/12 is a legacy font.
(microtype)                Cannot letterspace it on input line 73.


Package microtype Warning: OT1/cmr/m/n/8 is a legacy font.
(microtype)                Cannot letterspace it on input line 73.


Package microtype Warning: OT1/cmr/m/n/6 is a legacy font.
(microtype)                Cannot letterspace it on input line 73.



[3

]

[4

]

[5

]
Underfull \hbox (badness 7722) in paragraph at lines 132--133
\TU/TimesNewRoman(0)/m/n/12 S2 berkesempatan untuk menyatakan terima kasih seca
ra tertulis kepada
 []


Underfull \hbox (badness 4328) in paragraph at lines 134--135
[]\TU/TimesNewRoman(0)/m/n/12 Cara menulis kata pengantar beraneka ragam, tetap
i semuanya hendaknya
 []



[6

] (./Thesis.toc
Overfull \hbox (0.31836pt too wide) detected at line 30
\TU/TimesNewRoman(0)/m/n/12 Bab III  
 []


Underfull \hbox (badness 5133) in paragraph at lines 32--32
 [][] []\TU/TimesNewRoman(0)/m/n/12 Penggunaan Perangkat Lunak dalam Pelaksanaa
n 
 []

)
\tf@toc=\write3
\openout3 = `Thesis.toc'.



[7

] (./Thesis.lof
Overfull \hbox (3.63672pt too wide) detected at line 10
\TU/TimesNewRoman(0)/m/n/12 Gambar III.1  
 []


Overfull \hbox (3.63672pt too wide) detected at line 11
\TU/TimesNewRoman(0)/m/n/12 Gambar III.2  
 []

)
\tf@lof=\write4
\openout4 = `Thesis.lof'.



[8

] (./Thesis.lot)
\tf@lot=\write5
\openout5 = `Thesis.lot'.



[9

]

[10

]
\openout2 = `chapters/bab1.aux'.

 (./chapters/bab1.tex
Bab I.

Underfull \hbox (badness 1199) in paragraph at lines 8--9
\TU/TimesNewRoman(0)/m/n/12 oleh Jung dkk. (2017) di Korea Selatan, adanya temp
at istirahat tambahan
 []


Underfull \hbox (badness 2635) in paragraph at lines 8--9
\TU/TimesNewRoman(0)/m/n/12 (\TU/TimesNewRoman(0)/m/it/12 supplemental rest are
a\TU/TimesNewRoman(0)/m/n/12 ) efektif dalam mengurangi jumlah kecelakaan yang
 []


Underfull \hbox (badness 4739) in paragraph at lines 12--13
[]\TU/TimesNewRoman(0)/m/n/12 ABM telah diterapkan pada berbagai permasalahan y
ang ada, antara lain
 []



[1



]
Underfull \hbox (badness 10000) in paragraph at lines 38--39
\TU/TimesNewRoman(0)/m/n/12 dilakukan penulisan kode dan perancangan model berb
asis agen dengan
 []


Underfull \hbox (badness 3168) in paragraph at lines 38--39
\TU/TimesNewRoman(0)/m/n/12 menggunakan bahasa pemrograman Python, serta menent
ukan skenario dan
 []

)

[2]

[3]
\openout2 = `chapters/bab2.aux'.

 (./chapters/bab2.tex
Bab II.

Underfull \hbox (badness 1377) in paragraph at lines 6--7
\TU/TimesNewRoman(0)/m/n/12 Sistem kompleks adalah sistem yang perilakunya seca
ra intrinsik sulit untuk
 []


Underfull \hbox (badness 1831) in paragraph at lines 8--9
\TU/TimesNewRoman(0)/m/n/12 muncul yang menjadi karakteristik dari sistem yang 
kompleks. \TU/TimesNewRoman(0)/m/it/12 Emergence
 []


Underfull \hbox (badness 1132) in paragraph at lines 10--11
\TU/TimesNewRoman(0)/m/n/12 mengarah pada pola yang teratur di tingkat makro. A
danya struktur makro
 []



[4




]
Underfull \hbox (badness 2547) in paragraph at lines 17--18
[]\TU/TimesNewRoman(0)/m/n/12 Pada umumnya, pemodelan berbasis persamaaan atau 
equation-based
 []


Underfull \hbox (badness 1715) in paragraph at lines 18--19
\TU/TimesNewRoman(0)/m/n/12 dinamika populasi yang menggunakan EBM memperlakuka
n populasi
 []


Underfull \hbox (badness 10000) in paragraph at lines 19--20
\TU/TimesNewRoman(0)/m/n/12 mengenai pola keseluruhan yang akan dihasilkan dari
 perilaku
 []


Underfull \hbox (badness 1057) in paragraph at lines 19--20
\TU/TimesNewRoman(0)/m/n/12 masing-masing individu. Sebaliknya, diperlukan pema
haman perilaku
 []


Underfull \hbox (badness 1442) in paragraph at lines 20--21
\TU/TimesNewRoman(0)/m/n/12 seseorang yang tidak memiliki pelatihan dalam parad
igma pemodelan
 []


Underfull \hbox (badness 1231) in paragraph at lines 27--28
[]\TU/TimesNewRoman(0)/m/n/12 Perlu diketahui bahwa setiap metode memiliki kete
rbatasan, dan ABM tidak
 []



[5]
Underfull \hbox (badness 1960) in paragraph at lines 31--32
\TU/TimesNewRoman(0)/m/n/12 properti atau ciri-ciri yang dimiliki serta perilak
u atau tindakan yang dapat
 []


Underfull \hbox (badness 4739) in paragraph at lines 37--38
[]\TU/TimesNewRoman(0)/m/it/12 Agent-Self Interactions\TU/TimesNewRoman(0)/m/n/
12 , yaitu agen interaksi dengan dirinya sendiri.
 []


Underfull \hbox (badness 1803) in paragraph at lines 39--40
\TU/TimesNewRoman(0)/m/n/12 memburu agen mangsa serta agen predator bersaing de
ngan predator
 []


Underfull \hbox (badness 2213) in paragraph at lines 40--41
[]\TU/TimesNewRoman(0)/m/it/12 Environment-Environment Interactions\TU/TimesNew
Roman(0)/m/n/12 , yaitu interaksi antara berbagai
 []



[6]
Underfull \hbox (badness 1082) in paragraph at lines 41--42
\TU/TimesNewRoman(0)/m/n/12 ketika lingkungan berubah ketika mengobservasi agen
 yang berada di
 []

File: images/2_toll_ex1.png Graphic file (type bmp)
<images/2_toll_ex1.png>

Underfull \hbox (badness 1789) in paragraph at lines 55--55
[][]|\TU/TimesNewRoman(0)/m/n/12 Sistem simulasi oleh Tatang dan Viridi (2019) 
yang terdiri dari
 []



[7]
File: images/2_toll_ex2.png Graphic file (type bmp)
<images/2_toll_ex2.png>

Underfull \hbox (badness 1337) in paragraph at lines 74--74
[][]|\TU/TimesNewRoman(0)/m/n/12 Pergerakan agen-agen pada simulasi. Hanya ada 
beberapa agen
 []

File: images/2_evac_ex1.png Graphic file (type bmp)
<images/2_evac_ex1.png>


[8]
Underfull \hbox (badness 1990) in paragraph at lines 93--94
\TU/TimesNewRoman(0)/m/n/12 karakteristik dan pengambilan keputusan masing-masi
ng individu, sedangkan
 []

File: images/2_evac_ex2.png Graphic file (type bmp)
<images/2_evac_ex2.png>


[9]
File: images/2_evac2_ex1.jpg Graphic file (type bmp)
<images/2_evac2_ex1.jpg>


[10]
Underfull \hbox (badness 2980) in paragraph at lines 127--128
\TU/TimesNewRoman(0)/m/n/12 ABM juga diterapkan untuk pada simulasi evakuasi ke
bakaran hutan yang
 []


Underfull \hbox (badness 1577) in paragraph at lines 127--128
\TU/TimesNewRoman(0)/m/n/12 rekayasa (jaringan transportasi dan lokasi penampun
gan). Tujuan penelitian
 []


Underfull \hbox (badness 1629) in paragraph at lines 127--128
\TU/TimesNewRoman(0)/m/n/12 pilihan transportasi yang digunakan, seperti jalan 
kaki atau berkendara, dan
 []



[11]
File: images/2_evac2_ex2.jpg Graphic file (type bmp)
<images/2_evac2_ex2.jpg>

Underfull \hbox (badness 6001) in paragraph at lines 141--142
\TU/TimesNewRoman(0)/m/n/12 mengurangi tingkat kematian, tetapi efek dari varia
bel-variabel ini
 []



[12]
Underfull \hbox (badness 1354) in paragraph at lines 149--150
\TU/TimesNewRoman(0)/m/n/12 jalan umum yang merupakan bagian sistem jaringan ja
lan dan sebagai jalan
 []


Underfull \hbox (badness 1107) in paragraph at lines 149--150
\TU/TimesNewRoman(0)/m/n/12 nasional yang penggunanya diwajibkan membayar tol. 
Penyelengaraan jalan
 []

)

[13]
\openout2 = `chapters/bab3.aux'.

 (./chapters/bab3.tex
Bab III.

Underfull \hbox (badness 4144) in paragraph at lines 6--7
\TU/TimesNewRoman(0)/m/n/12 simulasi dengan bahasa pemrograman Python. Pendekat
an simulasi yang
 []


Underfull \hbox (badness 2080) in paragraph at lines 6--7
\TU/TimesNewRoman(0)/m/n/12 bahwa kode dari simulasi sesuai dengan fenomena yan
g diinginkan. Cara
 []


Underfull \hbox (badness 1028) in paragraph at lines 6--7
\TU/TimesNewRoman(0)/m/n/12 memvariasikan parameter-parameter yang dimiliki pad
a model, menambahkan
 []



[14




]
Underfull \hbox (badness 1342) in paragraph at lines 29--30
[]\TU/TimesNewRoman(0)/m/n/12 Setiap proses simulasi dimulai dengan menentukan 
panjang dan lebar dalam
 []

File: images/3_env_example.png Graphic file (type bmp)
<images/3_env_example.png>


[15]
Underfull \hbox (badness 1527) in paragraph at lines 70--71
\TU/TimesNewRoman(0)/m/n/12 tingkat kelelahan atau \TU/TimesNewRoman(0)/m/it/12
 drowsiness \TU/TimesNewRoman(0)/m/n/12 yang memengaruhi pengambilannya
 []


Underfull \hbox (badness 3019) in paragraph at lines 72--73
\TU/TimesNewRoman(0)/m/it/12 rest area \TU/TimesNewRoman(0)/m/n/12 akan memicu 
agen dengan tingkat kelelahan tinggi untuk
 []

File: images/3_flowchart_movement_decision.png Graphic file (type bmp)
<images/3_flowchart_movement_decision.png>


[16]

[17])

[18]
\openout2 = `chapters/pustaka.aux'.

 (./chapters/pustaka.tex
Underfull \hbox (badness 1194) in paragraph at lines 11--12
\TU/TimesNewRoman(0)/m/it/12 Minimum Penumpukkan Kendaraan dengan Agent-Based M
odel\TU/TimesNewRoman(0)/m/n/12 , Tesis
 []


Underfull \hbox (badness 2990) in paragraph at lines 15--16
[]\TU/TimesNewRoman(0)/m/n/12 Firdausyi, A. M. (2023): \TU/TimesNewRoman(0)/m/i
t/12 Pemodelan Evakuasi Pedestrian dengan Metode
 []


Underfull \hbox (badness 4713) in paragraph at lines 27--28
[]\TU/TimesNewRoman(0)/m/n/12 Janssen, S., Sharpanskykh, A., Curran, R., dan La
ngendoen, K. (2019):
 []


Underfull \hbox (badness 10000) in paragraph at lines 27--28
\TU/TimesNewRoman(0)/m/n/12 Using causal discovery to analyze emergence in agen
t-based
 []


Underfull \hbox (badness 10000) in paragraph at lines 27--28
\TU/TimesNewRoman(0)/m/n/12 models, \TU/TimesNewRoman(0)/m/it/12 Simulation Mod
elling Practice and Theory\TU/TimesNewRoman(0)/m/n/12 , \TU/TimesNewRoman(0)/b/
n/12 96\TU/TimesNewRoman(0)/m/n/12 , 101940.
 []


Underfull \hbox (badness 3386) in paragraph at lines 40--41
[]\TU/TimesNewRoman(0)/m/n/12 Ladyman, J., Lambert, J., dan Wiesner, K. (2013):
 What is a complex
 []


Underfull \hbox (badness 3148) in paragraph at lines 40--41
\TU/TimesNewRoman(0)/m/n/12 system?, \TU/TimesNewRoman(0)/m/it/12 European Jour
nal for Philosophy of Science\TU/TimesNewRoman(0)/m/n/12 , \TU/TimesNewRoman(0)
/b/n/12 3\TU/TimesNewRoman(0)/m/n/12 (1), 33–67.
 []


Underfull \hbox (badness 10000) in paragraph at lines 44--45
[]\TU/TimesNewRoman(0)/m/n/12 Macal, C. M., dan North, M. J. (2010): Tutorial o
n agent-based
 []


Underfull \hbox (badness 10000) in paragraph at lines 44--45
\TU/TimesNewRoman(0)/m/n/12 modelling and simulation, Journal of Simulation, 4(
3), 151–162.
 []


Underfull \hbox (badness 6348) in paragraph at lines 48--49
[]\TU/TimesNewRoman(0)/m/n/12 McDonald, G. W., dan Osgood, N. D. (April 6, 2023
): Agent-Based
 []


Underfull \hbox (badness 5091) in paragraph at lines 48--49
\TU/TimesNewRoman(0)/m/n/12 Modeling and its Tradeoffs: An Introduction & Examp
les, arXiv.
 []


Underfull \hbox (badness 2253) in paragraph at lines 52--53
[]\TU/TimesNewRoman(0)/m/n/12 Railsback, S. F., dan Grimm, V. (2019): \TU/Times
NewRoman(0)/m/it/12 Agent-based an individual-based
 []


Underfull \hbox (badness 3668) in paragraph at lines 56--57
[]\TU/TimesNewRoman(0)/m/n/12 Siam, M. R. K., Wang, H., Lindell, M. K., Chen, C
., Vlahogianni, E.
 []


Underfull \hbox (badness 10000) in paragraph at lines 56--57
\TU/TimesNewRoman(0)/m/n/12 I., and Axhausen, K. (2022): An interdisciplinary a
gent-based
 []


Underfull \hbox (badness 2726) in paragraph at lines 60--61
[]\TU/TimesNewRoman(0)/m/n/12 Suheri, T., dan Viridi, S. (2019): Gravity-Driven
 Agent-Based Model for
 []


Underfull \hbox (badness 6220) in paragraph at lines 60--61
\TU/TimesNewRoman(0)/m/n/12 Simulation of Economic Growth a Point Along a Highw
ay, \TU/TimesNewRoman(0)/m/it/12 IOP
 []


Underfull \hbox (badness 1902) in paragraph at lines 64--65
[]\TU/TimesNewRoman(0)/m/n/12 Wang, J., Sun, S., Fang, S., Fu, T., dan Stipanci
c, J. (2017): Predicting
 []


Underfull \hbox (badness 10000) in paragraph at lines 64--65
\TU/TimesNewRoman(0)/m/n/12 drowsy driving in real-time situations: Using an ad
vanced
 []


Underfull \hbox (badness 10000) in paragraph at lines 64--65
\TU/TimesNewRoman(0)/m/n/12 driving simulator, accelerated failure time model, 
and virtual
 []



[19




])

[20] (./Thesis.aux (./chapters/bab1.aux) (./chapters/bab2.aux)
(./chapters/bab3.aux) (./chapters/pustaka.aux))
 ***********
LaTeX2e <2024-11-01> patch level 2
L3 programming layer <2025-01-18>
 ***********
 ) 
Here is how much of TeX's memory you used:
 11164 strings out of 475365
 235915 string characters out of 5764255
 690916 words of memory out of 5000000
 33934 multiletter control sequences out of 15000+600000
 564032 words of font info for 86 fonts, out of 8000000 for 9000
 286 hyphenation exceptions out of 8191
 94i,14n,107p,1195b,344s stack positions out of 10000i,1000n,20000p,200000b,200000s

Output written on Thesis.pdf (31 pages).
